0 info it worked if it ends with ok
1 verbose cli [ '/usr/local/bin/node',
1 verbose cli   '/usr/local/bin/npm',
1 verbose cli   'install',
1 verbose cli   'ghost-cli@latest',
1 verbose cli   '-g' ]
2 info using npm@6.4.1
3 info using node@v11.0.0
4 verbose npm-session 84f5bef8fb205ba0
5 silly install loadCurrentTree
6 silly install readGlobalPackageData
7 silly fetchPackageMetaData error for ghost-cli@latest request to https://registry.npmjs.org/ghost-cli failed, reason: getaddrinfo EAI_AGAIN registry.npmjs.org registry.npmjs.org:443
8 timing stage:rollbackFailedOptional Completed in 1ms
9 timing stage:runTopLevelLifecycles Completed in 20228ms
10 verbose type system
11 verbose stack FetchError: request to https://registry.npmjs.org/ghost-cli failed, reason: getaddrinfo EAI_AGAIN registry.npmjs.org registry.npmjs.org:443
11 verbose stack     at ClientRequest.req.on.err (/usr/local/lib/node_modules/npm/node_modules/node-fetch-npm/src/index.js:68:14)
11 verbose stack     at ClientRequest.emit (events.js:182:13)
11 verbose stack     at TLSSocket.socketErrorListener (_http_client.js:399:9)
11 verbose stack     at TLSSocket.emit (events.js:182:13)
11 verbose stack     at emitErrorNT (internal/streams/destroy.js:82:8)
11 verbose stack     at emitErrorAndCloseNT (internal/streams/destroy.js:50:3)
11 verbose stack     at process.internalTickCallback (internal/process/next_tick.js:72:19)
12 verbose cwd /root
13 verbose Linux 3.19.0-84-generic
14 verbose argv "/usr/local/bin/node" "/usr/local/bin/npm" "install" "ghost-cli@latest" "-g"
15 verbose node v11.0.0
16 verbose npm  v6.4.1
17 error code EAI_AGAIN
18 error errno EAI_AGAIN
19 error request to https://registry.npmjs.org/ghost-cli failed, reason: getaddrinfo EAI_AGAIN registry.npmjs.org registry.npmjs.org:443
20 verbose exit [ 1, true ]
